

Started GET "/" for 127.0.0.1 at 2020-01-30 09:28:49 +0300
  [1m[36mActiveRecord::SchemaMigration Load (32.8ms)[0m  [1mSELECT "schema_migrations".* FROM "schema_migrations"[0m
Processing by PeopleController#index as HTML
Completed 401 Unauthorized in 31ms (ActiveRecord: 0.0ms)


Started GET "/users/sign_in" for 127.0.0.1 at 2020-01-30 09:28:50 +0300
Processing by Devise::SessionsController#new as HTML
  Rendered devise/sessions/new.html.haml within layouts/application (22.5ms)
  Rendered application/_sidebar.html.haml (2.6ms)
  Rendered application/_header.html.haml (1.5ms)
  Rendered application/_flash_messages.html.haml (1.3ms)
Completed 200 OK in 3624ms (Views: 3553.6ms | ActiveRecord: 65.9ms)


Started GET "/assets/theme.self-78afee9f89bcad981df47ef7a7371b6f8d8deaf1cea617a17185d2bb27f61e7a.css?body=1" for 127.0.0.1 at 2020-01-30 09:28:54 +0300


Started GET "/assets/application.self-d885a0a66bd595c10edb24f8879f94e334d88be0730c4d7c7a7b57c731c09037.css?body=1" for 127.0.0.1 at 2020-01-30 09:28:54 +0300


Started GET "/assets/bootstrap-datepicker3.self-168ba210bf47ae9c62dfbd8420f9fd0125eaa41874b34f2b42fafa101aaea71b.css?body=1" for 127.0.0.1 at 2020-01-30 09:28:54 +0300


Started GET "/assets/jquery.self-bd7ddd393353a8d2480a622e80342adf488fb6006d667e8b42e4c0073393abee.js?body=1" for 127.0.0.1 at 2020-01-30 09:28:54 +0300


Started GET "/assets/jquery.turbolinks.self-176b9819f30444d441e820bbccd3264fe57753aeafd54dec732b0dbc77129a2a.js?body=1" for 127.0.0.1 at 2020-01-30 09:28:54 +0300


Started GET "/assets/jquery_ujs.self-784a997f6726036b1993eb2217c9cb558e1cbb801c6da88105588c56f13b466a.js?body=1" for 127.0.0.1 at 2020-01-30 09:28:54 +0300


Started GET "/assets/bootstrap.self-268df15f6dcd79a7aab1677a4cf8f1bf54a59cb6d1e805efa0e1f8071110762e.js?body=1" for 127.0.0.1 at 2020-01-30 09:28:54 +0300


Started GET "/assets/bootstrap-growl.min.self-8a40746a094cfdde4b396d4e88457397b744d7042d3cd8f7dd0aaa9c1814a4c5.js?body=1" for 127.0.0.1 at 2020-01-30 09:28:54 +0300


Started GET "/assets/moment.self-c99e0f02d41c61d0fd120e8fde6f9277b7ade69ecdac6c27872f5e631fb6cf38.js?body=1" for 127.0.0.1 at 2020-01-30 09:28:54 +0300


Started GET "/assets/bootstrap-datetimepicker.self-f7eed811e1c58d1cdbc448230279684b07653dcf7d067a676dfa60ad370f8407.js?body=1" for 127.0.0.1 at 2020-01-30 09:28:54 +0300


Started GET "/assets/moment/ru.self-58fad0e6c5e51bdf3f357ccc5e991e7c729463209b9aaaa3cdd88a7cc4d40396.js?body=1" for 127.0.0.1 at 2020-01-30 09:28:54 +0300


Started GET "/assets/admins.self-877aef30ae1b040ab8a3aba4e3e309a11d7f2612f44dde450b5c157aa5f95c05.js?body=1" for 127.0.0.1 at 2020-01-30 09:28:54 +0300


Started GET "/assets/check_lists.self-877aef30ae1b040ab8a3aba4e3e309a11d7f2612f44dde450b5c157aa5f95c05.js?body=1" for 127.0.0.1 at 2020-01-30 09:28:54 +0300


Started GET "/assets/datepicker.self-dd20d30e3f91cee49020ee6a4fa7c1d52318b4728a2e2c0d78f6601231cbd12c.js?body=1" for 127.0.0.1 at 2020-01-30 09:28:54 +0300


Started GET "/assets/excess_definitions.self-877aef30ae1b040ab8a3aba4e3e309a11d7f2612f44dde450b5c157aa5f95c05.js?body=1" for 127.0.0.1 at 2020-01-30 09:28:54 +0300


Started GET "/assets/file_cars.self-877aef30ae1b040ab8a3aba4e3e309a11d7f2612f44dde450b5c157aa5f95c05.js?body=1" for 127.0.0.1 at 2020-01-30 09:28:54 +0300


Started GET "/assets/growl_messages.self-398f787b13e0f4b46ee38392cc4606d6883a92b8f79cd19a9e3c5c4f358cfb0d.js?body=1" for 127.0.0.1 at 2020-01-30 09:28:54 +0300


Started GET "/assets/main.self-1de3acd092c228be33f59c17d79de28655818b9b8e2c087da23c25b8496d321e.js?body=1" for 127.0.0.1 at 2020-01-30 09:28:54 +0300


Started GET "/assets/orders.self-877aef30ae1b040ab8a3aba4e3e309a11d7f2612f44dde450b5c157aa5f95c05.js?body=1" for 127.0.0.1 at 2020-01-30 09:28:54 +0300


Started GET "/assets/people.self-877aef30ae1b040ab8a3aba4e3e309a11d7f2612f44dde450b5c157aa5f95c05.js?body=1" for 127.0.0.1 at 2020-01-30 09:28:54 +0300


Started GET "/assets/people_file_cars.self-877aef30ae1b040ab8a3aba4e3e309a11d7f2612f44dde450b5c157aa5f95c05.js?body=1" for 127.0.0.1 at 2020-01-30 09:28:54 +0300


Started GET "/assets/quick_pows.self-877aef30ae1b040ab8a3aba4e3e309a11d7f2612f44dde450b5c157aa5f95c05.js?body=1" for 127.0.0.1 at 2020-01-30 09:28:54 +0300


Started GET "/assets/rc4_programs.self-877aef30ae1b040ab8a3aba4e3e309a11d7f2612f44dde450b5c157aa5f95c05.js?body=1" for 127.0.0.1 at 2020-01-30 09:28:54 +0300


Started GET "/assets/services.self-877aef30ae1b040ab8a3aba4e3e309a11d7f2612f44dde450b5c157aa5f95c05.js?body=1" for 127.0.0.1 at 2020-01-30 09:28:54 +0300


Started GET "/assets/sorttable.self-491711ff5424ade34837132cded847de332e74eeb2f7f2e0b4184aa69f9f4afb.js?body=1" for 127.0.0.1 at 2020-01-30 09:28:54 +0300


Started GET "/assets/table_search.self-41b339b744bc8acd4533bce772c8d8df92e9d2c686d4f707ec7bb34e3b83bf06.js?body=1" for 127.0.0.1 at 2020-01-30 09:28:54 +0300


Started GET "/assets/cocoon.self-7ee7ab1bd29c35084a2014e5eaf342c9de61eaba552ba25859bcebd0c34ec856.js?body=1" for 127.0.0.1 at 2020-01-30 09:28:54 +0300


Started GET "/assets/application.self-689783ea27a58de6d0f0742d036a2399d2aaf2eb83b235303205f97ab2b851d9.js?body=1" for 127.0.0.1 at 2020-01-30 09:28:54 +0300


Started POST "/users/sign_in" for 127.0.0.1 at 2020-01-30 09:29:11 +0300
Processing by Devise::SessionsController#create as HTML
  Parameters: {"utf8"=>"✓", "authenticity_token"=>"YZzp484Jfl+sF4khUXioNP6SzVt774LxzWio7+2+SWYFs3sIHs9v6X/UslnVi3cXksYrSK9szOlSmNvX0orG1A==", "user"=>{"email"=>"admin@mail.ru", "password"=>"[FILTERED]"}, "remember_me"=>"false", "commit"=>"Войти"}
  [1m[35mUser Load (92.4ms)[0m  SELECT  "users".* FROM "users" WHERE "users"."email" = $1  ORDER BY "users"."id" ASC LIMIT 1  [["email", "admin@mail.ru"]]
Redirected to http://localhost:2000/
Completed 302 Found in 316ms (ActiveRecord: 92.6ms)


Started GET "/" for 127.0.0.1 at 2020-01-30 09:29:11 +0300
Processing by PeopleController#index as HTML
  [1m[36mUser Load (0.2ms)[0m  [1mSELECT  "users".* FROM "users" WHERE "users"."id" = $1  ORDER BY "users"."id" ASC LIMIT 1[0m  [["id", 1]]
  Rendered people/index.html.haml within layouts/application (3.1ms)
  Rendered application/_sidebar.html.haml (0.6ms)
  Rendered application/_header.html.haml (0.2ms)
  Rendered application/_flash_messages.html.haml (0.1ms)
Completed 200 OK in 53ms (Views: 29.0ms | ActiveRecord: 0.2ms)


Started GET "/" for 127.0.0.1 at 2020-01-30 10:58:04 +0300
Processing by PeopleController#index as HTML
  [1m[35mUser Load (0.2ms)[0m  SELECT  "users".* FROM "users" WHERE "users"."id" = $1  ORDER BY "users"."id" ASC LIMIT 1  [["id", 1]]
  Rendered people/index.html.haml within layouts/application (0.9ms)
  Rendered application/_sidebar.html.haml (0.3ms)
  Rendered application/_header.html.haml (0.2ms)
  Rendered application/_flash_messages.html.haml (0.0ms)
Completed 200 OK in 29ms (Views: 27.8ms | ActiveRecord: 0.2ms)


Started GET "/assets/theme.self-78afee9f89bcad981df47ef7a7371b6f8d8deaf1cea617a17185d2bb27f61e7a.css?body=1" for 127.0.0.1 at 2020-01-30 10:58:04 +0300


Started GET "/assets/application.self-d885a0a66bd595c10edb24f8879f94e334d88be0730c4d7c7a7b57c731c09037.css?body=1" for 127.0.0.1 at 2020-01-30 10:58:04 +0300


Started GET "/assets/bootstrap-datepicker3.self-168ba210bf47ae9c62dfbd8420f9fd0125eaa41874b34f2b42fafa101aaea71b.css?body=1" for 127.0.0.1 at 2020-01-30 10:58:04 +0300


Started GET "/assets/jquery.self-bd7ddd393353a8d2480a622e80342adf488fb6006d667e8b42e4c0073393abee.js?body=1" for 127.0.0.1 at 2020-01-30 10:58:04 +0300


Started GET "/assets/jquery_ujs.self-784a997f6726036b1993eb2217c9cb558e1cbb801c6da88105588c56f13b466a.js?body=1" for 127.0.0.1 at 2020-01-30 10:58:04 +0300


Started GET "/assets/jquery.turbolinks.self-176b9819f30444d441e820bbccd3264fe57753aeafd54dec732b0dbc77129a2a.js?body=1" for 127.0.0.1 at 2020-01-30 10:58:04 +0300


Started GET "/assets/bootstrap.self-268df15f6dcd79a7aab1677a4cf8f1bf54a59cb6d1e805efa0e1f8071110762e.js?body=1" for 127.0.0.1 at 2020-01-30 10:58:04 +0300


Started GET "/assets/bootstrap-growl.min.self-8a40746a094cfdde4b396d4e88457397b744d7042d3cd8f7dd0aaa9c1814a4c5.js?body=1" for 127.0.0.1 at 2020-01-30 10:58:04 +0300


Started GET "/assets/moment.self-c99e0f02d41c61d0fd120e8fde6f9277b7ade69ecdac6c27872f5e631fb6cf38.js?body=1" for 127.0.0.1 at 2020-01-30 10:58:04 +0300


Started GET "/assets/bootstrap-datetimepicker.self-f7eed811e1c58d1cdbc448230279684b07653dcf7d067a676dfa60ad370f8407.js?body=1" for 127.0.0.1 at 2020-01-30 10:58:04 +0300


Started GET "/assets/moment/ru.self-58fad0e6c5e51bdf3f357ccc5e991e7c729463209b9aaaa3cdd88a7cc4d40396.js?body=1" for 127.0.0.1 at 2020-01-30 10:58:04 +0300


Started GET "/assets/growl_messages.self-398f787b13e0f4b46ee38392cc4606d6883a92b8f79cd19a9e3c5c4f358cfb0d.js?body=1" for 127.0.0.1 at 2020-01-30 10:58:04 +0300


Started GET "/assets/check_lists.self-877aef30ae1b040ab8a3aba4e3e309a11d7f2612f44dde450b5c157aa5f95c05.js?body=1" for 127.0.0.1 at 2020-01-30 10:58:04 +0300


Started GET "/assets/datepicker.self-dd20d30e3f91cee49020ee6a4fa7c1d52318b4728a2e2c0d78f6601231cbd12c.js?body=1" for 127.0.0.1 at 2020-01-30 10:58:04 +0300


Started GET "/assets/excess_definitions.self-877aef30ae1b040ab8a3aba4e3e309a11d7f2612f44dde450b5c157aa5f95c05.js?body=1" for 127.0.0.1 at 2020-01-30 10:58:04 +0300


Started GET "/assets/file_cars.self-877aef30ae1b040ab8a3aba4e3e309a11d7f2612f44dde450b5c157aa5f95c05.js?body=1" for 127.0.0.1 at 2020-01-30 10:58:04 +0300


Started GET "/assets/admins.self-877aef30ae1b040ab8a3aba4e3e309a11d7f2612f44dde450b5c157aa5f95c05.js?body=1" for 127.0.0.1 at 2020-01-30 10:58:04 +0300


Started GET "/assets/main.self-1de3acd092c228be33f59c17d79de28655818b9b8e2c087da23c25b8496d321e.js?body=1" for 127.0.0.1 at 2020-01-30 10:58:04 +0300


Started GET "/assets/orders.self-877aef30ae1b040ab8a3aba4e3e309a11d7f2612f44dde450b5c157aa5f95c05.js?body=1" for 127.0.0.1 at 2020-01-30 10:58:04 +0300


Started GET "/assets/people.self-877aef30ae1b040ab8a3aba4e3e309a11d7f2612f44dde450b5c157aa5f95c05.js?body=1" for 127.0.0.1 at 2020-01-30 10:58:05 +0300


Started GET "/assets/people_file_cars.self-877aef30ae1b040ab8a3aba4e3e309a11d7f2612f44dde450b5c157aa5f95c05.js?body=1" for 127.0.0.1 at 2020-01-30 10:58:05 +0300


Started GET "/assets/quick_pows.self-877aef30ae1b040ab8a3aba4e3e309a11d7f2612f44dde450b5c157aa5f95c05.js?body=1" for 127.0.0.1 at 2020-01-30 10:58:05 +0300


Started GET "/assets/rc4_programs.self-877aef30ae1b040ab8a3aba4e3e309a11d7f2612f44dde450b5c157aa5f95c05.js?body=1" for 127.0.0.1 at 2020-01-30 10:58:05 +0300


Started GET "/assets/services.self-877aef30ae1b040ab8a3aba4e3e309a11d7f2612f44dde450b5c157aa5f95c05.js?body=1" for 127.0.0.1 at 2020-01-30 10:58:05 +0300


Started GET "/assets/sorttable.self-491711ff5424ade34837132cded847de332e74eeb2f7f2e0b4184aa69f9f4afb.js?body=1" for 127.0.0.1 at 2020-01-30 10:58:05 +0300


Started GET "/assets/table_search.self-41b339b744bc8acd4533bce772c8d8df92e9d2c686d4f707ec7bb34e3b83bf06.js?body=1" for 127.0.0.1 at 2020-01-30 10:58:05 +0300


Started GET "/assets/cocoon.self-7ee7ab1bd29c35084a2014e5eaf342c9de61eaba552ba25859bcebd0c34ec856.js?body=1" for 127.0.0.1 at 2020-01-30 10:58:05 +0300


Started GET "/assets/application.self-689783ea27a58de6d0f0742d036a2399d2aaf2eb83b235303205f97ab2b851d9.js?body=1" for 127.0.0.1 at 2020-01-30 10:58:05 +0300


Started GET "/people/test/ad" for 127.0.0.1 at 2020-01-30 10:59:22 +0300
Processing by PeopleController#ad as HTML
  Parameters: {"id"=>"test"}
  [1m[36mUser Load (0.1ms)[0m  [1mSELECT  "users".* FROM "users" WHERE "users"."id" = $1  ORDER BY "users"."id" ASC LIMIT 1[0m  [["id", 1]]
  Rendered people/ad.html.haml within layouts/application (51.9ms)
  Rendered application/_sidebar.html.haml (0.4ms)
  Rendered application/_header.html.haml (0.2ms)
  Rendered application/_flash_messages.html.haml (0.0ms)
Completed 200 OK in 103ms (Views: 93.9ms | ActiveRecord: 1.2ms)


Started GET "/people/test/ad?utf8=%E2%9C%93&%5Bsystolic_bp%5D=120&%5Bdiastolic_bp%5D=84&%5Bcomplect_id%5D=24148&commit=%D0%9E%D1%82%D0%BF%D1%80%D0%B0%D0%B2%D0%B8%D1%82%D1%8C+%D0%B4%D0%B0%D0%BD%D0%BD%D1%8B%D0%B5" for 127.0.0.1 at 2020-01-30 11:01:05 +0300
Processing by PeopleController#ad as HTML
  Parameters: {"utf8"=>"✓", "systolic_bp"=>"120", "diastolic_bp"=>"84", "complect_id"=>"24148", "commit"=>"Отправить данные", "id"=>"test"}
  [1m[35mUser Load (0.2ms)[0m  SELECT  "users".* FROM "users" WHERE "users"."id" = $1  ORDER BY "users"."id" ASC LIMIT 1  [["id", 1]]
Redirected to http://localhost:2000/people/test/ad
Completed 302 Found in 61ms (ActiveRecord: 0.2ms)


Started GET "/people/test/ad" for 127.0.0.1 at 2020-01-30 11:01:05 +0300
Processing by PeopleController#ad as HTML
  Parameters: {"id"=>"test"}
  [1m[36mUser Load (0.2ms)[0m  [1mSELECT  "users".* FROM "users" WHERE "users"."id" = $1  ORDER BY "users"."id" ASC LIMIT 1[0m  [["id", 1]]
  Rendered people/ad.html.haml within layouts/application (3.2ms)
  Rendered application/_sidebar.html.haml (0.5ms)
  Rendered application/_header.html.haml (0.3ms)
  Rendered application/_flash_messages.html.haml (0.1ms)
Completed 200 OK in 31ms (Views: 29.4ms | ActiveRecord: 0.2ms)


Started GET "/people" for 127.0.0.1 at 2020-01-30 11:03:43 +0300
Processing by PeopleController#index as HTML
  [1m[35mUser Load (0.2ms)[0m  SELECT  "users".* FROM "users" WHERE "users"."id" = $1  ORDER BY "users"."id" ASC LIMIT 1  [["id", 1]]
  Rendered people/index.html.haml within layouts/application (0.7ms)
  Rendered application/_sidebar.html.haml (0.4ms)
  Rendered application/_header.html.haml (0.2ms)
  Rendered application/_flash_messages.html.haml (0.1ms)
Completed 200 OK in 30ms (Views: 27.5ms | ActiveRecord: 0.2ms)


Started GET "/people/test/heart_rate" for 127.0.0.1 at 2020-01-30 11:03:46 +0300
Processing by PeopleController#heart_rate as HTML
  Parameters: {"id"=>"test"}
  [1m[36mUser Load (0.1ms)[0m  [1mSELECT  "users".* FROM "users" WHERE "users"."id" = $1  ORDER BY "users"."id" ASC LIMIT 1[0m  [["id", 1]]
  Rendered people/heart_rate.html.haml within layouts/application (3.7ms)
  Rendered application/_sidebar.html.haml (0.3ms)
  Rendered application/_header.html.haml (0.2ms)
  Rendered application/_flash_messages.html.haml (0.1ms)
Completed 200 OK in 72ms (Views: 70.6ms | ActiveRecord: 0.1ms)


Started GET "/people/test/heart_rate?utf8=%E2%9C%93&%5Bheart_rate%5D=77&%5Bcomplect_id%5D=24153&commit=%D0%9E%D1%82%D0%BF%D1%80%D0%B0%D0%B2%D0%B8%D1%82%D1%8C+%D0%B4%D0%B0%D0%BD%D0%BD%D1%8B%D0%B5" for 127.0.0.1 at 2020-01-30 11:03:56 +0300
Processing by PeopleController#heart_rate as HTML
  Parameters: {"utf8"=>"✓", "heart_rate"=>"77", "complect_id"=>"24153", "commit"=>"Отправить данные", "id"=>"test"}
  [1m[35mUser Load (0.1ms)[0m  SELECT  "users".* FROM "users" WHERE "users"."id" = $1  ORDER BY "users"."id" ASC LIMIT 1  [["id", 1]]
Redirected to http://localhost:2000/people/test/heart_rate
Completed 302 Found in 42ms (ActiveRecord: 0.1ms)


Started GET "/people/test/heart_rate" for 127.0.0.1 at 2020-01-30 11:03:56 +0300
Processing by PeopleController#heart_rate as HTML
  Parameters: {"id"=>"test"}
  [1m[36mUser Load (0.1ms)[0m  [1mSELECT  "users".* FROM "users" WHERE "users"."id" = $1  ORDER BY "users"."id" ASC LIMIT 1[0m  [["id", 1]]
  Rendered people/heart_rate.html.haml within layouts/application (2.9ms)
  Rendered application/_sidebar.html.haml (0.3ms)
  Rendered application/_header.html.haml (0.2ms)
  Rendered application/_flash_messages.html.haml (0.1ms)
Completed 200 OK in 38ms (Views: 36.6ms | ActiveRecord: 0.1ms)


Started GET "/people" for 127.0.0.1 at 2020-01-30 11:04:41 +0300
Processing by PeopleController#index as HTML
  [1m[35mUser Load (0.2ms)[0m  SELECT  "users".* FROM "users" WHERE "users"."id" = $1  ORDER BY "users"."id" ASC LIMIT 1  [["id", 1]]
  Rendered people/index.html.haml within layouts/application (0.8ms)
  Rendered application/_sidebar.html.haml (0.4ms)
  Rendered application/_header.html.haml (0.2ms)
  Rendered application/_flash_messages.html.haml (0.1ms)
Completed 200 OK in 27ms (Views: 25.7ms | ActiveRecord: 0.2ms)


Started GET "/people/test/spirometr" for 127.0.0.1 at 2020-01-30 11:04:46 +0300
Processing by PeopleController#spirometr as HTML
  Parameters: {"id"=>"test"}
  [1m[36mUser Load (0.1ms)[0m  [1mSELECT  "users".* FROM "users" WHERE "users"."id" = $1  ORDER BY "users"."id" ASC LIMIT 1[0m  [["id", 1]]
  Rendered people/spirometr.html.haml within layouts/application (6.2ms)
  Rendered application/_sidebar.html.haml (0.4ms)
  Rendered application/_header.html.haml (0.3ms)
  Rendered application/_flash_messages.html.haml (0.1ms)
Completed 200 OK in 42ms (Views: 40.6ms | ActiveRecord: 0.1ms)


Started GET "/people/test/spirometr?utf8=%E2%9C%93&%5Bpos_exhalation%5D=2.0&%5Bofv1%5D=2.0&%5Bfgel%5D=2.0&%5Bcomplect_id%5D=24154&commit=%D0%9E%D1%82%D0%BF%D1%80%D0%B0%D0%B2%D0%B8%D1%82%D1%8C+%D0%B4%D0%B0%D0%BD%D0%BD%D1%8B%D0%B5" for 127.0.0.1 at 2020-01-30 11:05:06 +0300
Processing by PeopleController#spirometr as HTML
  Parameters: {"utf8"=>"✓", "pos_exhalation"=>"2.0", "ofv1"=>"2.0", "fgel"=>"2.0", "complect_id"=>"24154", "commit"=>"Отправить данные", "id"=>"test"}
  [1m[35mUser Load (0.1ms)[0m  SELECT  "users".* FROM "users" WHERE "users"."id" = $1  ORDER BY "users"."id" ASC LIMIT 1  [["id", 1]]
Redirected to http://localhost:2000/people/test/spirometr
Completed 302 Found in 242ms (ActiveRecord: 0.1ms)


Started GET "/people/test/spirometr" for 127.0.0.1 at 2020-01-30 11:05:06 +0300
Processing by PeopleController#spirometr as HTML
  Parameters: {"id"=>"test"}
  [1m[36mUser Load (0.2ms)[0m  [1mSELECT  "users".* FROM "users" WHERE "users"."id" = $1  ORDER BY "users"."id" ASC LIMIT 1[0m  [["id", 1]]
  Rendered people/spirometr.html.haml within layouts/application (4.1ms)
  Rendered application/_sidebar.html.haml (0.4ms)
  Rendered application/_header.html.haml (0.2ms)
  Rendered application/_flash_messages.html.haml (0.1ms)
Completed 200 OK in 39ms (Views: 37.8ms | ActiveRecord: 0.2ms)


Started GET "/people" for 127.0.0.1 at 2020-01-30 11:06:21 +0300
Processing by PeopleController#index as HTML
  [1m[35mUser Load (0.2ms)[0m  SELECT  "users".* FROM "users" WHERE "users"."id" = $1  ORDER BY "users"."id" ASC LIMIT 1  [["id", 1]]
  Rendered people/index.html.haml within layouts/application (0.8ms)
  Rendered application/_sidebar.html.haml (0.4ms)
  Rendered application/_header.html.haml (0.2ms)
  Rendered application/_flash_messages.html.haml (0.0ms)
Completed 200 OK in 39ms (Views: 37.7ms | ActiveRecord: 0.2ms)


Started GET "/people/test/audiometer" for 127.0.0.1 at 2020-01-30 11:06:25 +0300
Processing by PeopleController#audiometer as HTML
  Parameters: {"id"=>"test"}
  [1m[36mUser Load (0.1ms)[0m  [1mSELECT  "users".* FROM "users" WHERE "users"."id" = $1  ORDER BY "users"."id" ASC LIMIT 1[0m  [["id", 1]]
  Rendered people/audiometer.html.haml within layouts/application (19.5ms)
  Rendered application/_sidebar.html.haml (0.4ms)
  Rendered application/_header.html.haml (0.2ms)
  Rendered application/_flash_messages.html.haml (0.1ms)
Completed 200 OK in 52ms (Views: 51.0ms | ActiveRecord: 0.1ms)


Started GET "/people/test/audiometer?utf8=%E2%9C%93&%5Bac_250_right%5D=22&%5Bac_500_right%5D=22&%5Bac_1000_right%5D=22&%5Bac_2000_right%5D=22&%5Bac_4000_right%5D=22&%5Bac_250_left%5D=22&%5Bac_500_left%5D=22&%5Bac_1000_left%5D=22&%5Bac_2000_left%5D=22&%5Bac_4000_left%5D=22&%5Bcomplect_id%5D=24168&commit=%D0%9E%D1%82%D0%BF%D1%80%D0%B0%D0%B2%D0%B8%D1%82%D1%8C+%D0%B4%D0%B0%D0%BD%D0%BD%D1%8B%D0%B5" for 127.0.0.1 at 2020-01-30 11:06:38 +0300
Processing by PeopleController#audiometer as HTML
  Parameters: {"utf8"=>"✓", "ac_250_right"=>"22", "ac_500_right"=>"22", "ac_1000_right"=>"22", "ac_2000_right"=>"22", "ac_4000_right"=>"22", "ac_250_left"=>"22", "ac_500_left"=>"22", "ac_1000_left"=>"22", "ac_2000_left"=>"22", "ac_4000_left"=>"22", "complect_id"=>"24168", "commit"=>"Отправить данные", "id"=>"test"}
  [1m[35mUser Load (0.1ms)[0m  SELECT  "users".* FROM "users" WHERE "users"."id" = $1  ORDER BY "users"."id" ASC LIMIT 1  [["id", 1]]
Redirected to http://localhost:2000/people/test/audiometer
Completed 302 Found in 177ms (ActiveRecord: 0.1ms)


Started GET "/people/test/audiometer" for 127.0.0.1 at 2020-01-30 11:06:38 +0300
Processing by PeopleController#audiometer as HTML
  Parameters: {"id"=>"test"}
  [1m[36mUser Load (0.1ms)[0m  [1mSELECT  "users".* FROM "users" WHERE "users"."id" = $1  ORDER BY "users"."id" ASC LIMIT 1[0m  [["id", 1]]
  Rendered people/audiometer.html.haml within layouts/application (7.8ms)
  Rendered application/_sidebar.html.haml (0.3ms)
  Rendered application/_header.html.haml (0.2ms)
  Rendered application/_flash_messages.html.haml (0.1ms)
Completed 200 OK in 33ms (Views: 32.0ms | ActiveRecord: 0.1ms)


Started GET "/people" for 127.0.0.1 at 2020-01-30 11:07:19 +0300
Processing by PeopleController#index as HTML
  [1m[35mUser Load (0.2ms)[0m  SELECT  "users".* FROM "users" WHERE "users"."id" = $1  ORDER BY "users"."id" ASC LIMIT 1  [["id", 1]]
  Rendered people/index.html.haml within layouts/application (0.8ms)
  Rendered application/_sidebar.html.haml (0.3ms)
  Rendered application/_header.html.haml (0.3ms)
  Rendered application/_flash_messages.html.haml (0.0ms)
Completed 200 OK in 29ms (Views: 27.7ms | ActiveRecord: 0.2ms)


Started GET "/people/test/glucometr" for 127.0.0.1 at 2020-01-30 11:07:21 +0300
Processing by PeopleController#glucometr as HTML
  Parameters: {"id"=>"test"}
  [1m[36mUser Load (0.1ms)[0m  [1mSELECT  "users".* FROM "users" WHERE "users"."id" = $1  ORDER BY "users"."id" ASC LIMIT 1[0m  [["id", 1]]
  Rendered people/glucometr.html.haml within layouts/application (3.9ms)
  Rendered application/_sidebar.html.haml (0.3ms)
  Rendered application/_header.html.haml (0.2ms)
  Rendered application/_flash_messages.html.haml (0.0ms)
Completed 200 OK in 69ms (Views: 68.2ms | ActiveRecord: 0.1ms)


Started GET "/people/test/glucometr?utf8=%E2%9C%93&%5Bglucose%5D=3.2&%5Bcomplect_id%5D=24159&commit=%D0%9E%D1%82%D0%BF%D1%80%D0%B0%D0%B2%D0%B8%D1%82%D1%8C+%D0%B4%D0%B0%D0%BD%D0%BD%D1%8B%D0%B5" for 127.0.0.1 at 2020-01-30 11:07:27 +0300
Processing by PeopleController#glucometr as HTML
  Parameters: {"utf8"=>"✓", "glucose"=>"3.2", "complect_id"=>"24159", "commit"=>"Отправить данные", "id"=>"test"}
  [1m[35mUser Load (0.2ms)[0m  SELECT  "users".* FROM "users" WHERE "users"."id" = $1  ORDER BY "users"."id" ASC LIMIT 1  [["id", 1]]
Redirected to http://localhost:2000/people/test/glucometr
Completed 302 Found in 102ms (ActiveRecord: 0.2ms)


Started GET "/people/test/glucometr" for 127.0.0.1 at 2020-01-30 11:07:27 +0300
Processing by PeopleController#glucometr as HTML
  Parameters: {"id"=>"test"}
  [1m[36mUser Load (0.1ms)[0m  [1mSELECT  "users".* FROM "users" WHERE "users"."id" = $1  ORDER BY "users"."id" ASC LIMIT 1[0m  [["id", 1]]
  Rendered people/glucometr.html.haml within layouts/application (2.0ms)
  Rendered application/_sidebar.html.haml (0.3ms)
  Rendered application/_header.html.haml (0.2ms)
  Rendered application/_flash_messages.html.haml (0.1ms)
Completed 200 OK in 30ms (Views: 29.4ms | ActiveRecord: 0.1ms)


Started GET "/people/test/glucometr?utf8=%E2%9C%93&%5Bglucose%5D=5.9&%5Bcomplect_id%5D=24159&commit=%D0%9E%D1%82%D0%BF%D1%80%D0%B0%D0%B2%D0%B8%D1%82%D1%8C+%D0%B4%D0%B0%D0%BD%D0%BD%D1%8B%D0%B5" for 127.0.0.1 at 2020-01-30 11:07:52 +0300
Processing by PeopleController#glucometr as HTML
  Parameters: {"utf8"=>"✓", "glucose"=>"5.9", "complect_id"=>"24159", "commit"=>"Отправить данные", "id"=>"test"}
  [1m[35mUser Load (0.1ms)[0m  SELECT  "users".* FROM "users" WHERE "users"."id" = $1  ORDER BY "users"."id" ASC LIMIT 1  [["id", 1]]
Redirected to http://localhost:2000/people/test/glucometr
Completed 302 Found in 66ms (ActiveRecord: 0.1ms)


Started GET "/people/test/glucometr" for 127.0.0.1 at 2020-01-30 11:07:52 +0300
Processing by PeopleController#glucometr as HTML
  Parameters: {"id"=>"test"}
  [1m[36mUser Load (0.1ms)[0m  [1mSELECT  "users".* FROM "users" WHERE "users"."id" = $1  ORDER BY "users"."id" ASC LIMIT 1[0m  [["id", 1]]
  Rendered people/glucometr.html.haml within layouts/application (2.0ms)
  Rendered application/_sidebar.html.haml (0.3ms)
  Rendered application/_header.html.haml (0.2ms)
  Rendered application/_flash_messages.html.haml (0.1ms)
Completed 200 OK in 26ms (Views: 24.8ms | ActiveRecord: 0.1ms)


Started GET "/people" for 127.0.0.1 at 2020-01-30 11:08:25 +0300
Processing by PeopleController#index as HTML
  [1m[35mUser Load (0.2ms)[0m  SELECT  "users".* FROM "users" WHERE "users"."id" = $1  ORDER BY "users"."id" ASC LIMIT 1  [["id", 1]]
  Rendered people/index.html.haml within layouts/application (0.9ms)
  Rendered application/_sidebar.html.haml (0.4ms)
  Rendered application/_header.html.haml (0.2ms)
  Rendered application/_flash_messages.html.haml (0.0ms)
Completed 200 OK in 28ms (Views: 26.5ms | ActiveRecord: 0.2ms)


Started GET "/people/test/vibrotester" for 127.0.0.1 at 2020-01-30 11:08:27 +0300
Processing by PeopleController#vibrotester as HTML
  Parameters: {"id"=>"test"}
  [1m[36mUser Load (0.1ms)[0m  [1mSELECT  "users".* FROM "users" WHERE "users"."id" = $1  ORDER BY "users"."id" ASC LIMIT 1[0m  [["id", 1]]
  Rendered people/vibrotester.html.haml within layouts/application (10.8ms)
  Rendered application/_sidebar.html.haml (0.3ms)
  Rendered application/_header.html.haml (0.2ms)
  Rendered application/_flash_messages.html.haml (0.1ms)
Completed 200 OK in 55ms (Views: 53.5ms | ActiveRecord: 0.1ms)


Started GET "/people/test/vibrotester?utf8=%E2%9C%93&%5Bhr63%5D=-11.0&%5Bhr125%5D=5.0&%5Bhr250%5D=5.0&%5Bhl63%5D=5.0&%5Bhl125%5D=5.0&%5Bhl250%5D=5.0&%5Bfr125%5D=5.0&%5Bfl125%5D=5.0&%5Bcomplect_id%5D=24162&commit=%D0%9E%D1%82%D0%BF%D1%80%D0%B0%D0%B2%D0%B8%D1%82%D1%8C+%D0%B4%D0%B0%D0%BD%D0%BD%D1%8B%D0%B5" for 127.0.0.1 at 2020-01-30 11:09:01 +0300
Processing by PeopleController#vibrotester as HTML
  Parameters: {"utf8"=>"✓", "hr63"=>"-11.0", "hr125"=>"5.0", "hr250"=>"5.0", "hl63"=>"5.0", "hl125"=>"5.0", "hl250"=>"5.0", "fr125"=>"5.0", "fl125"=>"5.0", "complect_id"=>"24162", "commit"=>"Отправить данные", "id"=>"test"}
  [1m[35mUser Load (0.1ms)[0m  SELECT  "users".* FROM "users" WHERE "users"."id" = $1  ORDER BY "users"."id" ASC LIMIT 1  [["id", 1]]
Redirected to http://localhost:2000/people/test/vibrotester
Completed 302 Found in 303ms (ActiveRecord: 0.1ms)


Started GET "/people/test/vibrotester" for 127.0.0.1 at 2020-01-30 11:09:02 +0300
Processing by PeopleController#vibrotester as HTML
  Parameters: {"id"=>"test"}
  [1m[36mUser Load (0.1ms)[0m  [1mSELECT  "users".* FROM "users" WHERE "users"."id" = $1  ORDER BY "users"."id" ASC LIMIT 1[0m  [["id", 1]]
  Rendered people/vibrotester.html.haml within layouts/application (8.5ms)
  Rendered application/_sidebar.html.haml (0.3ms)
  Rendered application/_header.html.haml (0.2ms)
  Rendered application/_flash_messages.html.haml (0.1ms)
Completed 200 OK in 34ms (Views: 33.5ms | ActiveRecord: 0.1ms)


Started GET "/people" for 127.0.0.1 at 2020-01-30 11:29:15 +0300
Processing by PeopleController#index as HTML
  [1m[35mUser Load (0.1ms)[0m  SELECT  "users".* FROM "users" WHERE "users"."id" = $1  ORDER BY "users"."id" ASC LIMIT 1  [["id", 1]]
  Rendered people/index.html.haml within layouts/application (0.8ms)
  Rendered application/_sidebar.html.haml (0.5ms)
  Rendered application/_header.html.haml (0.3ms)
  Rendered application/_flash_messages.html.haml (0.1ms)
Completed 200 OK in 37ms (Views: 35.9ms | ActiveRecord: 0.1ms)


Started GET "/people/test/weigher" for 127.0.0.1 at 2020-01-30 11:29:16 +0300
Processing by PeopleController#weigher as HTML
  Parameters: {"id"=>"test"}
  [1m[36mUser Load (0.2ms)[0m  [1mSELECT  "users".* FROM "users" WHERE "users"."id" = $1  ORDER BY "users"."id" ASC LIMIT 1[0m  [["id", 1]]
  Rendered people/weigher.html.haml within layouts/application (4.0ms)
  Rendered application/_sidebar.html.haml (0.3ms)
  Rendered application/_header.html.haml (0.2ms)
  Rendered application/_flash_messages.html.haml (0.0ms)
Completed 200 OK in 45ms (Views: 43.6ms | ActiveRecord: 0.2ms)


Started GET "/people/test/weigher?utf8=%E2%9C%93&%5Bweight%5D=100&%5Bcomplect_id%5D=24164&commit=%D0%9E%D1%82%D0%BF%D1%80%D0%B0%D0%B2%D0%B8%D1%82%D1%8C+%D0%B4%D0%B0%D0%BD%D0%BD%D1%8B%D0%B5" for 127.0.0.1 at 2020-01-30 11:29:28 +0300
Processing by PeopleController#weigher as HTML
  Parameters: {"utf8"=>"✓", "weight"=>"100", "complect_id"=>"24164", "commit"=>"Отправить данные", "id"=>"test"}
  [1m[35mUser Load (0.1ms)[0m  SELECT  "users".* FROM "users" WHERE "users"."id" = $1  ORDER BY "users"."id" ASC LIMIT 1  [["id", 1]]
Completed 500 Internal Server Error in 72ms (ActiveRecord: 0.1ms)

JSON::ParserError (784: unexpected token at 'NoMethodError at /api/weigher
=============================

> undefined method `[]' for nil:NilClass

app/models/meterage/weight_datum.rb, line 19
--------------------------------------------

``` ruby
   14       need_task(self)
   15     end
   16   
   17   
   18     def red_zone_weight(settings, imt)
>  19       if ( imt >= settings[:weight_datum][:red_zone_down][:min].to_f) &&  (imt <= settings[:weight_datum][:red_zone_down][:max].to_f) ||
   20          ( imt >= settings[:weight_datum][:red_zone_up][:min].to_f) &&  (imt <= settings[:weight_datum][:red_zone_up][:max].to_f)
   21         return true
   22       else
   23         return false
   24       end
```

App backtrace
-------------

 - app/models/meterage/weight_datum.rb:19:in `red_zone_weight'
 - app/models/meterage/weight_datum.rb:8:in `check_zone_weight'
 - app/controllers/api_controller.rb:109:in `weigher'
 - bin/rails:9:in `<top (required)>'
 - bin/spring:13:in `<top (required)>'

Full backtrace
--------------

 - app/models/meterage/weight_datum.rb:19:in `red_zone_weight'
 - app/models/meterage/weight_datum.rb:8:in `check_zone_weight'
 - activesupport (4.2.5) lib/active_support/callbacks.rb:432:in `block in make_lambda'
 - activesupport (4.2.5) lib/active_support/callbacks.rb:164:in `block in halting'
 - activesupport (4.2.5) lib/active_support/callbacks.rb:504:in `block in call'
 - activesupport (4.2.5) lib/active_support/callbacks.rb:504:in `call'
 - activesupport (4.2.5) lib/active_support/callbacks.rb:92:in `__run_callbacks__'
 - activesupport (4.2.5) lib/active_support/callbacks.rb:778:in `_run_create_callbacks'
 - activerecord (4.2.5) lib/active_record/callbacks.rb:306:in `_create_record'
 - activerecord (4.2.5) lib/active_record/timestamp.rb:57:in `_create_record'
 - activerecord (4.2.5) lib/active_record/persistence.rb:504:in `create_or_update'
 - activerecord (4.2.5) lib/active_record/callbacks.rb:302:in `block in create_or_update'
 - activesupport (4.2.5) lib/active_support/callbacks.rb:117:in `call'
 - activesupport (4.2.5) lib/active_support/callbacks.rb:555:in `block (2 levels) in compile'
 - activesupport (4.2.5) lib/active_support/callbacks.rb:505:in `call'
 - activesupport (4.2.5) lib/active_support/callbacks.rb:92:in `__run_callbacks__'
 - activesupport (4.2.5) lib/active_support/callbacks.rb:778:in `_run_save_callbacks'
 - activerecord (4.2.5) lib/active_record/callbacks.rb:302:in `create_or_update'
 - activerecord (4.2.5) lib/active_record/persistence.rb:142:in `save!'
 - activerecord (4.2.5) lib/active_record/validations.rb:43:in `save!'
 - activerecord (4.2.5) lib/active_record/attribute_methods/dirty.rb:29:in `save!'
 - activerecord (4.2.5) lib/active_record/transactions.rb:291:in `block in save!'
 - activerecord (4.2.5) lib/active_record/transactions.rb:351:in `block in with_transaction_returning_status'
 - activerecord (4.2.5) lib/active_record/connection_adapters/abstract/database_statements.rb:213:in `block in transaction'
 - activerecord (4.2.5) lib/active_record/connection_adapters/abstract/transaction.rb:184:in `within_new_transaction'
 - activerecord (4.2.5) lib/active_record/connection_adapters/abstract/database_statements.rb:213:in `transaction'
 - activerecord (4.2.5) lib/active_record/transactions.rb:220:in `transaction'
 - activerecord (4.2.5) lib/active_record/transactions.rb:348:in `with_transaction_returning_status'
 - activerecord (4.2.5) lib/active_record/transactions.rb:291:in `save!'
 - activerecord (4.2.5) lib/active_record/persistence.rb:51:in `create!'
 - app/controllers/api_controller.rb:109:in `weigher'
 - actionpack (4.2.5) lib/action_controller/metal/implicit_render.rb:4:in `send_action'
 - actionpack (4.2.5) lib/abstract_controller/base.rb:198:in `process_action'
 - actionpack (4.2.5) lib/action_controller/metal/rendering.rb:10:in `process_action'
 - actionpack (4.2.5) lib/abstract_controller/callbacks.rb:20:in `block in process_action'
 - activesupport (4.2.5) lib/active_support/callbacks.rb:117:in `call'
 - activesupport (4.2.5) lib/active_support/callbacks.rb:555:in `block (2 levels) in compile'
 - activesupport (4.2.5) lib/active_support/callbacks.rb:505:in `call'
 - activesupport (4.2.5) lib/active_support/callbacks.rb:92:in `__run_callbacks__'
 - activesupport (4.2.5) lib/active_support/callbacks.rb:778:in `_run_process_action_callbacks'
 - activesupport (4.2.5) lib/active_support/callbacks.rb:81:in `run_callbacks'
 - actionpack (4.2.5) lib/abstract_controller/callbacks.rb:19:in `process_action'
 - actionpack (4.2.5) lib/action_controller/metal/rescue.rb:29:in `process_action'
 - actionpack (4.2.5) lib/action_controller/metal/instrumentation.rb:32:in `block in process_action'
 - activesupport (4.2.5) lib/active_support/notifications.rb:164:in `block in instrument'
 - activesupport (4.2.5) lib/active_support/notifications/instrumenter.rb:20:in `instrument'
 - activesupport (4.2.5) lib/active_support/notifications.rb:164:in `instrument'
 - actionpack (4.2.5) lib/action_controller/metal/instrumentation.rb:30:in `process_action'
 - actionpack (4.2.5) lib/action_controller/metal/params_wrapper.rb:250:in `process_action'
 - activerecord (4.2.5) lib/active_record/railties/controller_runtime.rb:18:in `process_action'
 - actionpack (4.2.5) lib/abstract_controller/base.rb:137:in `process'
 - actionview (4.2.5) lib/action_view/rendering.rb:30:in `process'
 - actionpack (4.2.5) lib/action_controller/metal.rb:196:in `dispatch'
 - actionpack (4.2.5) lib/action_controller/metal/rack_delegation.rb:13:in `dispatch'
 - actionpack (4.2.5) lib/action_controller/metal.rb:237:in `block in action'
 - actionpack (4.2.5) lib/action_dispatch/routing/route_set.rb:76:in `dispatch'
 - actionpack (4.2.5) lib/action_dispatch/routing/route_set.rb:45:in `serve'
 - actionpack (4.2.5) lib/action_dispatch/journey/router.rb:43:in `block in serve'
 - actionpack (4.2.5) lib/action_dispatch/journey/router.rb:30:in `serve'
 - actionpack (4.2.5) lib/action_dispatch/routing/route_set.rb:817:in `call'
 - devise_cas_authenticatable (1.7.0) lib/devise_cas_authenticatable/single_sign_out/rack.rb:14:in `call'
 - bullet (6.0.0) lib/bullet/rack.rb:12:in `call'
 - pdfkit (0.8.2) lib/pdfkit/middleware.rb:16:in `call'
 - warden (1.2.4) lib/warden/manager.rb:35:in `block in call'
 - warden (1.2.4) lib/warden/manager.rb:34:in `call'
 - rack (1.6.11) lib/rack/etag.rb:24:in `call'
 - rack (1.6.11) lib/rack/conditionalget.rb:38:in `call'
 - rack (1.6.11) lib/rack/head.rb:13:in `call'
 - actionpack (4.2.5) lib/action_dispatch/middleware/params_parser.rb:27:in `call'
 - actionpack (4.2.5) lib/action_dispatch/middleware/flash.rb:260:in `call'
 - rack (1.6.11) lib/rack/session/abstract/id.rb:225:in `context'
 - rack (1.6.11) lib/rack/session/abstract/id.rb:220:in `call'
 - actionpack (4.2.5) lib/action_dispatch/middleware/cookies.rb:560:in `call'
 - activerecord (4.2.5) lib/active_record/query_cache.rb:36:in `call'
 - activerecord (4.2.5) lib/active_record/connection_adapters/abstract/connection_pool.rb:653:in `call'
 - activerecord (4.2.5) lib/active_record/migration.rb:377:in `call'
 - actionpack (4.2.5) lib/action_dispatch/middleware/callbacks.rb:29:in `block in call'
 - activesupport (4.2.5) lib/active_support/callbacks.rb:88:in `__run_callbacks__'
 - activesupport (4.2.5) lib/active_support/callbacks.rb:778:in `_run_call_callbacks'
 - activesupport (4.2.5) lib/active_support/callbacks.rb:81:in `run_callbacks'
 - actionpack (4.2.5) lib/action_dispatch/middleware/callbacks.rb:27:in `call'
 - actionpack (4.2.5) lib/action_dispatch/middleware/reloader.rb:73:in `call'
 - actionpack (4.2.5) lib/action_dispatch/middleware/remote_ip.rb:78:in `call'
 - better_errors (2.1.1) lib/better_errors/middleware.rb:84:in `protected_app_call'
 - better_errors (2.1.1) lib/better_errors/middleware.rb:79:in `better_errors_call'
 - better_errors (2.1.1) lib/better_errors/middleware.rb:57:in `call'
 - actionpack (4.2.5) lib/action_dispatch/middleware/debug_exceptions.rb:17:in `call'
 - actionpack (4.2.5) lib/action_dispatch/middleware/show_exceptions.rb:30:in `call'
 - railties (4.2.5) lib/rails/rack/logger.rb:38:in `call_app'
 - railties (4.2.5) lib/rails/rack/logger.rb:20:in `block in call'
 - activesupport (4.2.5) lib/active_support/tagged_logging.rb:68:in `block in tagged'
 - activesupport (4.2.5) lib/active_support/tagged_logging.rb:26:in `tagged'
 - activesupport (4.2.5) lib/active_support/tagged_logging.rb:68:in `tagged'
 - railties (4.2.5) lib/rails/rack/logger.rb:20:in `call'
 - quiet_assets (1.1.0) lib/quiet_assets.rb:27:in `call_with_quiet_assets'
 - request_store (1.3.1) lib/request_store/middleware.rb:9:in `call'
 - actionpack (4.2.5) lib/action_dispatch/middleware/request_id.rb:21:in `call'
 - rack (1.6.11) lib/rack/methodoverride.rb:22:in `call'
 - rack (1.6.11) lib/rack/runtime.rb:18:in `call'
 - actionpack (4.2.5) lib/action_dispatch/middleware/static.rb:116:in `call'
 - rack (1.6.11) lib/rack/sendfile.rb:113:in `call'
 - railties (4.2.5) lib/rails/engine.rb:518:in `call'
 - railties (4.2.5) lib/rails/application.rb:165:in `call'
 - rack (1.6.11) lib/rack/content_length.rb:15:in `call'
 - thin (1.7.0) lib/thin/connection.rb:86:in `block in pre_process'
 - thin (1.7.0) lib/thin/connection.rb:84:in `pre_process'
 - thin (1.7.0) lib/thin/connection.rb:53:in `process'
 - faye-websocket (0.10.0) lib/faye/adapters/thin.rb:40:in `process'
 - thin (1.7.0) lib/thin/connection.rb:39:in `receive_data'
 - faye-websocket (0.10.0) lib/faye/adapters/thin.rb:44:in `receive_data'
 - eventmachine (1.2.3) lib/eventmachine.rb:194:in `run'
 - thin (1.7.0) lib/thin/backends/base.rb:73:in `start'
 - thin (1.7.0) lib/thin/server.rb:162:in `start'
 - rack (1.6.11) lib/rack/handler/thin.rb:19:in `run'
 - rack (1.6.11) lib/rack/server.rb:287:in `start'
 - railties (4.2.5) lib/rails/commands/server.rb:80:in `start'
 - railties (4.2.5) lib/rails/commands/commands_tasks.rb:80:in `block in server'
 - railties (4.2.5) lib/rails/commands/commands_tasks.rb:75:in `server'
 - railties (4.2.5) lib/rails/commands/commands_tasks.rb:39:in `run_command!'
 - railties (4.2.5) lib/rails/commands.rb:17:in `<top (required)>'
 - bin/rails:9:in `<top (required)>'
 - spring (1.7.2) lib/spring/client/rails.rb:28:in `call'
 - spring (1.7.2) lib/spring/client/command.rb:7:in `call'
 - spring (1.7.2) lib/spring/client.rb:30:in `run'
 - spring (1.7.2) bin/spring:49:in `<top (required)>'
 - spring (1.7.2) lib/spring/binstub.rb:11:in `<top (required)>'
 - /home/bruin/.rbenv/versions/2.3.3/lib/ruby/2.3.0/rubygems/core_ext/kernel_require.rb:55:in `require'
 - bin/spring:13:in `<top (required)>'
 - bin/rails:3:in `<main>'

'):
  app/controllers/people_controller.rb:135:in `api_weigher'
  app/controllers/people_controller.rb:46:in `weigher'


  Rendered /home/bruin/.rbenv/versions/2.5.5/lib/ruby/gems/2.5.0/gems/actionpack-4.2.8/lib/action_dispatch/middleware/templates/rescues/_source.erb (2.2ms)
  Rendered /home/bruin/.rbenv/versions/2.5.5/lib/ruby/gems/2.5.0/gems/actionpack-4.2.8/lib/action_dispatch/middleware/templates/rescues/_trace.html.erb (1.2ms)
  Rendered /home/bruin/.rbenv/versions/2.5.5/lib/ruby/gems/2.5.0/gems/actionpack-4.2.8/lib/action_dispatch/middleware/templates/rescues/_request_and_response.html.erb (0.5ms)
  Rendered /home/bruin/.rbenv/versions/2.5.5/lib/ruby/gems/2.5.0/gems/actionpack-4.2.8/lib/action_dispatch/middleware/templates/rescues/diagnostics.html.erb within rescues/layout (22.0ms)
  Rendered /home/bruin/.rbenv/versions/2.5.5/lib/ruby/gems/2.5.0/gems/web-console-2.3.0/lib/web_console/templates/_markup.html.erb (0.2ms)
  Rendered /home/bruin/.rbenv/versions/2.5.5/lib/ruby/gems/2.5.0/gems/web-console-2.3.0/lib/web_console/templates/_inner_console_markup.html.erb within layouts/inlined_string (0.2ms)
  Rendered /home/bruin/.rbenv/versions/2.5.5/lib/ruby/gems/2.5.0/gems/web-console-2.3.0/lib/web_console/templates/_prompt_box_markup.html.erb within layouts/inlined_string (0.2ms)
  Rendered /home/bruin/.rbenv/versions/2.5.5/lib/ruby/gems/2.5.0/gems/web-console-2.3.0/lib/web_console/templates/style.css.erb within layouts/inlined_string (0.2ms)
  Rendered /home/bruin/.rbenv/versions/2.5.5/lib/ruby/gems/2.5.0/gems/web-console-2.3.0/lib/web_console/templates/console.js.erb within layouts/javascript (13.4ms)
  Rendered /home/bruin/.rbenv/versions/2.5.5/lib/ruby/gems/2.5.0/gems/web-console-2.3.0/lib/web_console/templates/main.js.erb within layouts/javascript (0.1ms)
  Rendered /home/bruin/.rbenv/versions/2.5.5/lib/ruby/gems/2.5.0/gems/web-console-2.3.0/lib/web_console/templates/error_page.js.erb within layouts/javascript (0.2ms)
  Rendered /home/bruin/.rbenv/versions/2.5.5/lib/ruby/gems/2.5.0/gems/web-console-2.3.0/lib/web_console/templates/index.html.erb (34.6ms)


Started GET "/people/test/weigher?utf8=%E2%9C%93&%5Bweight%5D=100&%5Bcomplect_id%5D=24164&commit=%D0%9E%D1%82%D0%BF%D1%80%D0%B0%D0%B2%D0%B8%D1%82%D1%8C+%D0%B4%D0%B0%D0%BD%D0%BD%D1%8B%D0%B5" for 127.0.0.1 at 2020-01-30 11:30:35 +0300
Processing by PeopleController#weigher as HTML
  Parameters: {"utf8"=>"✓", "weight"=>"100", "complect_id"=>"24164", "commit"=>"Отправить данные", "id"=>"test"}
  [1m[36mUser Load (0.1ms)[0m  [1mSELECT  "users".* FROM "users" WHERE "users"."id" = $1  ORDER BY "users"."id" ASC LIMIT 1[0m  [["id", 1]]
Redirected to http://localhost:2000/people/test/weigher
Completed 302 Found in 1805ms (ActiveRecord: 0.1ms)


Started GET "/people/test/weigher" for 127.0.0.1 at 2020-01-30 11:30:37 +0300
Processing by PeopleController#weigher as HTML
  Parameters: {"id"=>"test"}
  [1m[35mUser Load (0.2ms)[0m  SELECT  "users".* FROM "users" WHERE "users"."id" = $1  ORDER BY "users"."id" ASC LIMIT 1  [["id", 1]]
  Rendered people/weigher.html.haml within layouts/application (2.4ms)
  Rendered application/_sidebar.html.haml (0.3ms)
  Rendered application/_header.html.haml (0.2ms)
  Rendered application/_flash_messages.html.haml (0.1ms)
Completed 200 OK in 29ms (Views: 27.2ms | ActiveRecord: 0.2ms)


Started GET "/assets/theme.self-78afee9f89bcad981df47ef7a7371b6f8d8deaf1cea617a17185d2bb27f61e7a.css?body=1" for 127.0.0.1 at 2020-01-30 11:30:37 +0300


Started GET "/assets/application.self-d885a0a66bd595c10edb24f8879f94e334d88be0730c4d7c7a7b57c731c09037.css?body=1" for 127.0.0.1 at 2020-01-30 11:30:37 +0300


Started GET "/assets/jquery.self-bd7ddd393353a8d2480a622e80342adf488fb6006d667e8b42e4c0073393abee.js?body=1" for 127.0.0.1 at 2020-01-30 11:30:37 +0300


Started GET "/assets/jquery.turbolinks.self-176b9819f30444d441e820bbccd3264fe57753aeafd54dec732b0dbc77129a2a.js?body=1" for 127.0.0.1 at 2020-01-30 11:30:37 +0300


Started GET "/assets/bootstrap-datepicker3.self-168ba210bf47ae9c62dfbd8420f9fd0125eaa41874b34f2b42fafa101aaea71b.css?body=1" for 127.0.0.1 at 2020-01-30 11:30:37 +0300


Started GET "/assets/jquery_ujs.self-784a997f6726036b1993eb2217c9cb558e1cbb801c6da88105588c56f13b466a.js?body=1" for 127.0.0.1 at 2020-01-30 11:30:37 +0300


Started GET "/assets/bootstrap.self-268df15f6dcd79a7aab1677a4cf8f1bf54a59cb6d1e805efa0e1f8071110762e.js?body=1" for 127.0.0.1 at 2020-01-30 11:30:37 +0300


Started GET "/assets/bootstrap-growl.min.self-8a40746a094cfdde4b396d4e88457397b744d7042d3cd8f7dd0aaa9c1814a4c5.js?body=1" for 127.0.0.1 at 2020-01-30 11:30:37 +0300


Started GET "/assets/moment.self-c99e0f02d41c61d0fd120e8fde6f9277b7ade69ecdac6c27872f5e631fb6cf38.js?body=1" for 127.0.0.1 at 2020-01-30 11:30:37 +0300


Started GET "/assets/bootstrap-datetimepicker.self-f7eed811e1c58d1cdbc448230279684b07653dcf7d067a676dfa60ad370f8407.js?body=1" for 127.0.0.1 at 2020-01-30 11:30:37 +0300


Started GET "/assets/moment/ru.self-58fad0e6c5e51bdf3f357ccc5e991e7c729463209b9aaaa3cdd88a7cc4d40396.js?body=1" for 127.0.0.1 at 2020-01-30 11:30:37 +0300


Started GET "/assets/admins.self-877aef30ae1b040ab8a3aba4e3e309a11d7f2612f44dde450b5c157aa5f95c05.js?body=1" for 127.0.0.1 at 2020-01-30 11:30:37 +0300


Started GET "/assets/check_lists.self-877aef30ae1b040ab8a3aba4e3e309a11d7f2612f44dde450b5c157aa5f95c05.js?body=1" for 127.0.0.1 at 2020-01-30 11:30:37 +0300


Started GET "/assets/datepicker.self-dd20d30e3f91cee49020ee6a4fa7c1d52318b4728a2e2c0d78f6601231cbd12c.js?body=1" for 127.0.0.1 at 2020-01-30 11:30:37 +0300


Started GET "/assets/excess_definitions.self-877aef30ae1b040ab8a3aba4e3e309a11d7f2612f44dde450b5c157aa5f95c05.js?body=1" for 127.0.0.1 at 2020-01-30 11:30:37 +0300


Started GET "/assets/file_cars.self-877aef30ae1b040ab8a3aba4e3e309a11d7f2612f44dde450b5c157aa5f95c05.js?body=1" for 127.0.0.1 at 2020-01-30 11:30:37 +0300


Started GET "/assets/growl_messages.self-398f787b13e0f4b46ee38392cc4606d6883a92b8f79cd19a9e3c5c4f358cfb0d.js?body=1" for 127.0.0.1 at 2020-01-30 11:30:37 +0300


Started GET "/assets/main.self-1de3acd092c228be33f59c17d79de28655818b9b8e2c087da23c25b8496d321e.js?body=1" for 127.0.0.1 at 2020-01-30 11:30:37 +0300


Started GET "/assets/orders.self-877aef30ae1b040ab8a3aba4e3e309a11d7f2612f44dde450b5c157aa5f95c05.js?body=1" for 127.0.0.1 at 2020-01-30 11:30:37 +0300


Started GET "/assets/people.self-877aef30ae1b040ab8a3aba4e3e309a11d7f2612f44dde450b5c157aa5f95c05.js?body=1" for 127.0.0.1 at 2020-01-30 11:30:37 +0300


Started GET "/assets/people_file_cars.self-877aef30ae1b040ab8a3aba4e3e309a11d7f2612f44dde450b5c157aa5f95c05.js?body=1" for 127.0.0.1 at 2020-01-30 11:30:37 +0300


Started GET "/assets/quick_pows.self-877aef30ae1b040ab8a3aba4e3e309a11d7f2612f44dde450b5c157aa5f95c05.js?body=1" for 127.0.0.1 at 2020-01-30 11:30:37 +0300


Started GET "/assets/rc4_programs.self-877aef30ae1b040ab8a3aba4e3e309a11d7f2612f44dde450b5c157aa5f95c05.js?body=1" for 127.0.0.1 at 2020-01-30 11:30:37 +0300


Started GET "/assets/services.self-877aef30ae1b040ab8a3aba4e3e309a11d7f2612f44dde450b5c157aa5f95c05.js?body=1" for 127.0.0.1 at 2020-01-30 11:30:37 +0300


Started GET "/assets/sorttable.self-491711ff5424ade34837132cded847de332e74eeb2f7f2e0b4184aa69f9f4afb.js?body=1" for 127.0.0.1 at 2020-01-30 11:30:37 +0300


Started GET "/assets/table_search.self-41b339b744bc8acd4533bce772c8d8df92e9d2c686d4f707ec7bb34e3b83bf06.js?body=1" for 127.0.0.1 at 2020-01-30 11:30:37 +0300


Started GET "/assets/cocoon.self-7ee7ab1bd29c35084a2014e5eaf342c9de61eaba552ba25859bcebd0c34ec856.js?body=1" for 127.0.0.1 at 2020-01-30 11:30:37 +0300


Started GET "/assets/application.self-689783ea27a58de6d0f0742d036a2399d2aaf2eb83b235303205f97ab2b851d9.js?body=1" for 127.0.0.1 at 2020-01-30 11:30:37 +0300


Started GET "/people" for 127.0.0.1 at 2020-01-30 11:36:06 +0300
Processing by PeopleController#index as HTML
  [1m[36mUser Load (0.2ms)[0m  [1mSELECT  "users".* FROM "users" WHERE "users"."id" = $1  ORDER BY "users"."id" ASC LIMIT 1[0m  [["id", 1]]
  Rendered people/index.html.haml within layouts/application (0.8ms)
  Rendered application/_sidebar.html.haml (0.3ms)
  Rendered application/_header.html.haml (0.2ms)
  Rendered application/_flash_messages.html.haml (0.1ms)
Completed 200 OK in 26ms (Views: 24.6ms | ActiveRecord: 0.2ms)


Started GET "/people/test/ad" for 127.0.0.1 at 2020-01-30 11:36:07 +0300
Processing by PeopleController#ad as HTML
  Parameters: {"id"=>"test"}
  [1m[35mUser Load (0.1ms)[0m  SELECT  "users".* FROM "users" WHERE "users"."id" = $1  ORDER BY "users"."id" ASC LIMIT 1  [["id", 1]]
  Rendered people/ad.html.haml within layouts/application (3.3ms)
  Rendered application/_sidebar.html.haml (0.4ms)
  Rendered application/_header.html.haml (0.2ms)
  Rendered application/_flash_messages.html.haml (0.0ms)
Completed 200 OK in 37ms (Views: 36.3ms | ActiveRecord: 0.1ms)


Started GET "/people/test/ad?utf8=%E2%9C%93&%5Bsystolic_bp%5D=180&%5Bdiastolic_bp%5D=77&%5Bcomplect_id%5D=24148&commit=%D0%9E%D1%82%D0%BF%D1%80%D0%B0%D0%B2%D0%B8%D1%82%D1%8C+%D0%B4%D0%B0%D0%BD%D0%BD%D1%8B%D0%B5" for 127.0.0.1 at 2020-01-30 11:36:17 +0300
Processing by PeopleController#ad as HTML
  Parameters: {"utf8"=>"✓", "systolic_bp"=>"180", "diastolic_bp"=>"77", "complect_id"=>"24148", "commit"=>"Отправить данные", "id"=>"test"}
  [1m[36mUser Load (0.1ms)[0m  [1mSELECT  "users".* FROM "users" WHERE "users"."id" = $1  ORDER BY "users"."id" ASC LIMIT 1[0m  [["id", 1]]
Redirected to http://localhost:2000/people/test/ad
Completed 302 Found in 55ms (ActiveRecord: 0.1ms)


Started GET "/people/test/ad" for 127.0.0.1 at 2020-01-30 11:36:17 +0300
Processing by PeopleController#ad as HTML
  Parameters: {"id"=>"test"}
  [1m[35mUser Load (0.1ms)[0m  SELECT  "users".* FROM "users" WHERE "users"."id" = $1  ORDER BY "users"."id" ASC LIMIT 1  [["id", 1]]
  Rendered people/ad.html.haml within layouts/application (3.5ms)
  Rendered application/_sidebar.html.haml (0.3ms)
  Rendered application/_header.html.haml (0.2ms)
  Rendered application/_flash_messages.html.haml (0.1ms)
Completed 200 OK in 29ms (Views: 28.2ms | ActiveRecord: 0.1ms)


Started GET "/people" for 127.0.0.1 at 2020-01-30 11:36:59 +0300
Processing by PeopleController#index as HTML
  [1m[36mUser Load (0.2ms)[0m  [1mSELECT  "users".* FROM "users" WHERE "users"."id" = $1  ORDER BY "users"."id" ASC LIMIT 1[0m  [["id", 1]]
  Rendered people/index.html.haml within layouts/application (0.9ms)
  Rendered application/_sidebar.html.haml (0.3ms)
  Rendered application/_header.html.haml (0.2ms)
  Rendered application/_flash_messages.html.haml (0.0ms)
Completed 200 OK in 26ms (Views: 25.0ms | ActiveRecord: 0.2ms)


Started GET "/people/test/heart_rate" for 127.0.0.1 at 2020-01-30 11:37:00 +0300
Processing by PeopleController#heart_rate as HTML
  Parameters: {"id"=>"test"}
  [1m[35mUser Load (0.1ms)[0m  SELECT  "users".* FROM "users" WHERE "users"."id" = $1  ORDER BY "users"."id" ASC LIMIT 1  [["id", 1]]
  Rendered people/heart_rate.html.haml within layouts/application (2.6ms)
  Rendered application/_sidebar.html.haml (0.4ms)
  Rendered application/_header.html.haml (0.2ms)
  Rendered application/_flash_messages.html.haml (0.0ms)
Completed 200 OK in 28ms (Views: 26.7ms | ActiveRecord: 0.1ms)


Started GET "/people/test/heart_rate?utf8=%E2%9C%93&%5Bheart_rate%5D=88&%5Bcomplect_id%5D=24153&commit=%D0%9E%D1%82%D0%BF%D1%80%D0%B0%D0%B2%D0%B8%D1%82%D1%8C+%D0%B4%D0%B0%D0%BD%D0%BD%D1%8B%D0%B5" for 127.0.0.1 at 2020-01-30 11:37:06 +0300
Processing by PeopleController#heart_rate as HTML
  Parameters: {"utf8"=>"✓", "heart_rate"=>"88", "complect_id"=>"24153", "commit"=>"Отправить данные", "id"=>"test"}
  [1m[36mUser Load (0.1ms)[0m  [1mSELECT  "users".* FROM "users" WHERE "users"."id" = $1  ORDER BY "users"."id" ASC LIMIT 1[0m  [["id", 1]]
Redirected to http://localhost:2000/people/test/heart_rate
Completed 302 Found in 39ms (ActiveRecord: 0.1ms)


Started GET "/people/test/heart_rate" for 127.0.0.1 at 2020-01-30 11:37:06 +0300
Processing by PeopleController#heart_rate as HTML
  Parameters: {"id"=>"test"}
  [1m[35mUser Load (0.1ms)[0m  SELECT  "users".* FROM "users" WHERE "users"."id" = $1  ORDER BY "users"."id" ASC LIMIT 1  [["id", 1]]
  Rendered people/heart_rate.html.haml within layouts/application (2.9ms)
  Rendered application/_sidebar.html.haml (0.3ms)
  Rendered application/_header.html.haml (0.2ms)
  Rendered application/_flash_messages.html.haml (0.1ms)
Completed 200 OK in 31ms (Views: 29.9ms | ActiveRecord: 0.1ms)
